2025-05-31T17:43:34.203-05:00  INFO 14620 --- [microservice-oauth] [restartedMain] c.m.o.m.MicroserviceOauthApplication     : Starting MicroserviceOauthApplication using Java 21.0.6 with PID 14620 (C:\Users\USER\Documents\Diseno y Arquittecutra-backend\Backend_System_Sales\microservice-oauth\target\classes started by USER in C:\Users\USER\Documents\Diseno y Arquittecutra-backend\Backend_System_Sales)
2025-05-31T17:43:34.204-05:00 DEBUG 14620 --- [microservice-oauth] [restartedMain] c.m.o.m.MicroserviceOauthApplication     : Running with Spring Boot v3.4.5, Spring v6.2.6
2025-05-31T17:43:34.205-05:00  INFO 14620 --- [microservice-oauth] [restartedMain] c.m.o.m.MicroserviceOauthApplication     : The following 1 profile is active: "dev"
2025-05-31T17:43:34.249-05:00  INFO 14620 --- [microservice-oauth] [restartedMain] .e.DevToolsPropertyDefaultsPostProcessor : Devtools property defaults active! Set 'spring.devtools.add-properties' to 'false' to disable
2025-05-31T17:43:34.249-05:00  INFO 14620 --- [microservice-oauth] [restartedMain] .e.DevToolsPropertyDefaultsPostProcessor : For additional web related logging consider setting the 'logging.level.web' property to 'DEBUG'
2025-05-31T17:43:35.038-05:00  INFO 14620 --- [microservice-oauth] [restartedMain] o.s.cloud.context.scope.GenericScope     : BeanFactory id=e21f582b-2be0-3ebb-8218-ae046c8764ea
2025-05-31T17:43:35.349-05:00  INFO 14620 --- [microservice-oauth] [restartedMain] o.s.b.w.embedded.tomcat.TomcatWebServer  : Tomcat initialized with port 9100 (http)
2025-05-31T17:43:35.360-05:00  INFO 14620 --- [microservice-oauth] [restartedMain] o.apache.catalina.core.StandardService   : Starting service [Tomcat]
2025-05-31T17:43:35.360-05:00  INFO 14620 --- [microservice-oauth] [restartedMain] o.apache.catalina.core.StandardEngine    : Starting Servlet engine: [Apache Tomcat/10.1.40]
2025-05-31T17:43:35.404-05:00  INFO 14620 --- [microservice-oauth] [restartedMain] o.a.c.c.C.[Tomcat].[localhost].[/]       : Initializing Spring embedded WebApplicationContext
2025-05-31T17:43:35.405-05:00  INFO 14620 --- [microservice-oauth] [restartedMain] w.s.c.ServletWebServerApplicationContext : Root WebApplicationContext: initialization completed in 1155 ms
2025-05-31T17:43:35.604-05:00  INFO 14620 --- [microservice-oauth] [restartedMain] r$InitializeUserDetailsManagerConfigurer : Global AuthenticationManager configured with UserDetailsService bean with name usersService
2025-05-31T17:43:35.714-05:00 DEBUG 14620 --- [microservice-oauth] [restartedMain] s.w.s.m.m.a.RequestMappingHandlerMapping : 2 mappings in 'requestMappingHandlerMapping'
2025-05-31T17:43:35.770-05:00 DEBUG 14620 --- [microservice-oauth] [restartedMain] o.s.w.s.handler.SimpleUrlHandlerMapping  : Patterns [/webjars/**, /**] in 'resourceHandlerMapping'
2025-05-31T17:43:36.221-05:00 DEBUG 14620 --- [microservice-oauth] [restartedMain] o.s.s.web.DefaultSecurityFilterChain     : Will secure org.springframework.security.oauth2.server.authorization.config.annotation.web.configurers.OAuth2AuthorizationServerConfigurer$$Lambda/0x0000021c68493778@53ff6f30 with filters: DisableEncodeUrlFilter, WebAsyncManagerIntegrationFilter, SecurityContextHolderFilter, AuthorizationServerContextFilter, HeaderWriterFilter, CsrfFilter, OidcLogoutEndpointFilter, LogoutFilter, OAuth2AuthorizationServerMetadataEndpointFilter, OAuth2AuthorizationEndpointFilter, OAuth2DeviceVerificationEndpointFilter, OidcProviderConfigurationEndpointFilter, NimbusJwkSetEndpointFilter, OAuth2ClientAuthenticationFilter, BearerTokenAuthenticationFilter, RequestCacheAwareFilter, SecurityContextHolderAwareRequestFilter, AnonymousAuthenticationFilter, ExceptionTranslationFilter, AuthorizationFilter, OAuth2TokenEndpointFilter, OAuth2TokenIntrospectionEndpointFilter, OAuth2TokenRevocationEndpointFilter, OAuth2DeviceAuthorizationEndpointFilter, OidcUserInfoEndpointFilter
2025-05-31T17:43:36.226-05:00 DEBUG 14620 --- [microservice-oauth] [restartedMain] o.s.s.web.DefaultSecurityFilterChain     : Will secure any request with filters: DisableEncodeUrlFilter, WebAsyncManagerIntegrationFilter, SecurityContextHolderFilter, HeaderWriterFilter, LogoutFilter, RequestCacheAwareFilter, SecurityContextHolderAwareRequestFilter, AnonymousAuthenticationFilter, ExceptionTranslationFilter, AuthorizationFilter
2025-05-31T17:43:36.356-05:00 DEBUG 14620 --- [microservice-oauth] [restartedMain] s.w.s.m.m.a.RequestMappingHandlerAdapter : ControllerAdvice beans: 0 @ModelAttribute, 0 @InitBinder, 1 RequestBodyAdvice, 1 ResponseBodyAdvice
2025-05-31T17:43:36.387-05:00 DEBUG 14620 --- [microservice-oauth] [restartedMain] .m.m.a.ExceptionHandlerExceptionResolver : ControllerAdvice beans: 0 @ExceptionHandler, 1 ResponseBodyAdvice
2025-05-31T17:43:36.487-05:00  WARN 14620 --- [microservice-oauth] [restartedMain] o.s.b.d.a.OptionalLiveReloadServer       : Unable to start LiveReload server
2025-05-31T17:43:36.546-05:00  INFO 14620 --- [microservice-oauth] [restartedMain] DiscoveryClientOptionalArgsConfiguration : Eureka HTTP Client uses RestTemplate.
2025-05-31T17:43:36.602-05:00  WARN 14620 --- [microservice-oauth] [restartedMain] iguration$LoadBalancerCaffeineWarnLogger : Spring Cloud LoadBalancer is currently working with the default cache. While this cache implementation is useful for development and tests, it's recommended to use Caffeine cache in production.You can switch to using Caffeine cache, by adding it and org.springframework.cache.caffeine.CaffeineCacheManager to the classpath.
2025-05-31T17:43:36.658-05:00  INFO 14620 --- [microservice-oauth] [restartedMain] o.s.c.n.eureka.InstanceInfoFactory       : Setting initial instance status as: STARTING
2025-05-31T17:43:36.680-05:00  INFO 14620 --- [microservice-oauth] [restartedMain] com.netflix.discovery.DiscoveryClient    : Initializing Eureka in region us-east-1
2025-05-31T17:43:36.684-05:00  INFO 14620 --- [microservice-oauth] [restartedMain] c.n.d.s.r.aws.ConfigClusterResolver      : Resolving eureka endpoints via configuration
2025-05-31T17:43:36.692-05:00  INFO 14620 --- [microservice-oauth] [restartedMain] com.netflix.discovery.DiscoveryClient    : Disable delta property : false
2025-05-31T17:43:36.692-05:00  INFO 14620 --- [microservice-oauth] [restartedMain] com.netflix.discovery.DiscoveryClient    : Single vip registry refresh property : null
2025-05-31T17:43:36.692-05:00  INFO 14620 --- [microservice-oauth] [restartedMain] com.netflix.discovery.DiscoveryClient    : Force full registry fetch : false
2025-05-31T17:43:36.692-05:00  INFO 14620 --- [microservice-oauth] [restartedMain] com.netflix.discovery.DiscoveryClient    : Application is null : false
2025-05-31T17:43:36.692-05:00  INFO 14620 --- [microservice-oauth] [restartedMain] com.netflix.discovery.DiscoveryClient    : Registered Applications size is zero : true
2025-05-31T17:43:36.692-05:00  INFO 14620 --- [microservice-oauth] [restartedMain] com.netflix.discovery.DiscoveryClient    : Application version is -1: true
2025-05-31T17:43:36.692-05:00  INFO 14620 --- [microservice-oauth] [restartedMain] com.netflix.discovery.DiscoveryClient    : Getting all instance registry info from the eureka server
2025-05-31T17:43:36.817-05:00 DEBUG 14620 --- [microservice-oauth] [restartedMain] o.s.web.client.RestTemplate              : HTTP GET http://localhost:8761/eureka/apps/
2025-05-31T17:43:36.894-05:00 DEBUG 14620 --- [microservice-oauth] [restartedMain] o.s.web.client.RestTemplate              : Accept=[application/json, application/*+json]
2025-05-31T17:43:36.931-05:00 DEBUG 14620 --- [microservice-oauth] [restartedMain] o.s.web.client.RestTemplate              : Response 200 OK
2025-05-31T17:43:36.933-05:00 DEBUG 14620 --- [microservice-oauth] [restartedMain] o.s.web.client.RestTemplate              : Reading to [org.springframework.cloud.netflix.eureka.http.EurekaApplications]
2025-05-31T17:43:36.960-05:00  INFO 14620 --- [microservice-oauth] [restartedMain] com.netflix.discovery.DiscoveryClient    : The response status is 200
2025-05-31T17:43:36.962-05:00  INFO 14620 --- [microservice-oauth] [restartedMain] com.netflix.discovery.DiscoveryClient    : Starting heartbeat executor: renew interval is: 30
2025-05-31T17:43:36.964-05:00  INFO 14620 --- [microservice-oauth] [restartedMain] c.n.discovery.InstanceInfoReplicator     : InstanceInfoReplicator onDemand update allowed rate per min is 4
2025-05-31T17:43:36.966-05:00  INFO 14620 --- [microservice-oauth] [restartedMain] com.netflix.discovery.DiscoveryClient    : Discovery Client initialized at timestamp 1748731416965 with initial instances count: 1
2025-05-31T17:43:36.968-05:00  INFO 14620 --- [microservice-oauth] [restartedMain] o.s.c.n.e.s.EurekaServiceRegistry        : Registering application MICROSERVICE-OAUTH with eureka with status UP
2025-05-31T17:43:36.969-05:00  INFO 14620 --- [microservice-oauth] [restartedMain] com.netflix.discovery.DiscoveryClient    : Saw local status change event StatusChangeEvent [timestamp=1748731416969, current=UP, previous=STARTING]
2025-05-31T17:43:36.970-05:00  INFO 14620 --- [microservice-oauth] [DiscoveryClient-InstanceInfoReplicator-%d] com.netflix.discovery.DiscoveryClient    : DiscoveryClient_MICROSERVICE-OAUTH/host.docker.internal:microservice-oauth:9100: registering service...
2025-05-31T17:43:36.978-05:00 DEBUG 14620 --- [microservice-oauth] [DiscoveryClient-InstanceInfoReplicator-%d] o.s.web.client.RestTemplate              : HTTP POST http://localhost:8761/eureka/apps/MICROSERVICE-OAUTH
2025-05-31T17:43:36.980-05:00 DEBUG 14620 --- [microservice-oauth] [DiscoveryClient-InstanceInfoReplicator-%d] o.s.web.client.RestTemplate              : Accept=[application/json, application/*+json]
2025-05-31T17:43:36.991-05:00  INFO 14620 --- [microservice-oauth] [restartedMain] o.s.b.w.embedded.tomcat.TomcatWebServer  : Tomcat started on port 9100 (http) with context path '/'
2025-05-31T17:43:36.992-05:00  INFO 14620 --- [microservice-oauth] [restartedMain] .s.c.n.e.s.EurekaAutoServiceRegistration : Updating port to 9100
2025-05-31T17:43:36.992-05:00 DEBUG 14620 --- [microservice-oauth] [DiscoveryClient-InstanceInfoReplicator-%d] o.s.web.client.RestTemplate              : Writing [InstanceInfo [instanceId = host.docker.internal:microservice-oauth:9100, appName = MICROSERVICE-OAUTH, hostName = host.docker.internal, status = UP, ipAddr = 192.168.18.28, port = 9100, securePort = 443, dataCenterInfo = com.netflix.appinfo.MyDataCenterInfo@735c553e] as "application/json"
2025-05-31T17:43:37.002-05:00  INFO 14620 --- [microservice-oauth] [restartedMain] c.m.o.m.MicroserviceOauthApplication     : Started MicroserviceOauthApplication in 3.252 seconds (process running for 3.832)
2025-05-31T17:43:37.011-05:00 DEBUG 14620 --- [microservice-oauth] [DiscoveryClient-InstanceInfoReplicator-%d] o.s.web.client.RestTemplate              : Response 204 NO_CONTENT
2025-05-31T17:43:37.011-05:00  INFO 14620 --- [microservice-oauth] [DiscoveryClient-InstanceInfoReplicator-%d] com.netflix.discovery.DiscoveryClient    : DiscoveryClient_MICROSERVICE-OAUTH/host.docker.internal:microservice-oauth:9100 - registration status: 204
2025-05-31T17:44:06.977-05:00 DEBUG 14620 --- [microservice-oauth] [DiscoveryClient-CacheRefreshExecutor-%d] o.s.web.client.RestTemplate              : HTTP GET http://localhost:8761/eureka/apps/delta
2025-05-31T17:44:06.977-05:00 DEBUG 14620 --- [microservice-oauth] [DiscoveryClient-HeartbeatExecutor-%d] o.s.web.client.RestTemplate              : HTTP PUT http://localhost:8761/eureka/apps/MICROSERVICE-OAUTH/host.docker.internal:microservice-oauth:9100?status=UP&lastDirtyTimestamp=1748731416969
2025-05-31T17:44:06.977-05:00 DEBUG 14620 --- [microservice-oauth] [DiscoveryClient-CacheRefreshExecutor-%d] o.s.web.client.RestTemplate              : Accept=[application/json, application/*+json]
2025-05-31T17:44:06.981-05:00 DEBUG 14620 --- [microservice-oauth] [DiscoveryClient-HeartbeatExecutor-%d] o.s.web.client.RestTemplate              : Accept=[application/json, application/*+json]
2025-05-31T17:44:06.994-05:00 DEBUG 14620 --- [microservice-oauth] [DiscoveryClient-HeartbeatExecutor-%d] o.s.web.client.RestTemplate              : Response 200 OK
2025-05-31T17:44:06.994-05:00 DEBUG 14620 --- [microservice-oauth] [DiscoveryClient-CacheRefreshExecutor-%d] o.s.web.client.RestTemplate              : Response 200 OK
2025-05-31T17:44:06.995-05:00 DEBUG 14620 --- [microservice-oauth] [DiscoveryClient-CacheRefreshExecutor-%d] o.s.web.client.RestTemplate              : Reading to [org.springframework.cloud.netflix.eureka.http.EurekaApplications]
2025-05-31T17:44:37.000-05:00 DEBUG 14620 --- [microservice-oauth] [DiscoveryClient-HeartbeatExecutor-%d] o.s.web.client.RestTemplate              : HTTP PUT http://localhost:8761/eureka/apps/MICROSERVICE-OAUTH/host.docker.internal:microservice-oauth:9100?status=UP&lastDirtyTimestamp=1748731416969
2025-05-31T17:44:37.000-05:00 DEBUG 14620 --- [microservice-oauth] [DiscoveryClient-CacheRefreshExecutor-%d] o.s.web.client.RestTemplate              : HTTP GET http://localhost:8761/eureka/apps/delta
2025-05-31T17:44:37.000-05:00 DEBUG 14620 --- [microservice-oauth] [DiscoveryClient-HeartbeatExecutor-%d] o.s.web.client.RestTemplate              : Accept=[application/json, application/*+json]
2025-05-31T17:44:37.000-05:00 DEBUG 14620 --- [microservice-oauth] [DiscoveryClient-CacheRefreshExecutor-%d] o.s.web.client.RestTemplate              : Accept=[application/json, application/*+json]
2025-05-31T17:44:37.017-05:00 DEBUG 14620 --- [microservice-oauth] [DiscoveryClient-HeartbeatExecutor-%d] o.s.web.client.RestTemplate              : Response 200 OK
2025-05-31T17:44:37.017-05:00 DEBUG 14620 --- [microservice-oauth] [DiscoveryClient-CacheRefreshExecutor-%d] o.s.web.client.RestTemplate              : Response 200 OK
2025-05-31T17:44:37.018-05:00 DEBUG 14620 --- [microservice-oauth] [DiscoveryClient-CacheRefreshExecutor-%d] o.s.web.client.RestTemplate              : Reading to [org.springframework.cloud.netflix.eureka.http.EurekaApplications]
2025-05-31T17:45:07.027-05:00 DEBUG 14620 --- [microservice-oauth] [DiscoveryClient-CacheRefreshExecutor-%d] o.s.web.client.RestTemplate              : HTTP GET http://localhost:8761/eureka/apps/delta
2025-05-31T17:45:07.027-05:00 DEBUG 14620 --- [microservice-oauth] [DiscoveryClient-HeartbeatExecutor-%d] o.s.web.client.RestTemplate              : HTTP PUT http://localhost:8761/eureka/apps/MICROSERVICE-OAUTH/host.docker.internal:microservice-oauth:9100?status=UP&lastDirtyTimestamp=1748731416969
2025-05-31T17:45:07.027-05:00 DEBUG 14620 --- [microservice-oauth] [DiscoveryClient-CacheRefreshExecutor-%d] o.s.web.client.RestTemplate              : Accept=[application/json, application/*+json]
2025-05-31T17:45:07.027-05:00 DEBUG 14620 --- [microservice-oauth] [DiscoveryClient-HeartbeatExecutor-%d] o.s.web.client.RestTemplate              : Accept=[application/json, application/*+json]
2025-05-31T17:45:07.045-05:00 DEBUG 14620 --- [microservice-oauth] [DiscoveryClient-HeartbeatExecutor-%d] o.s.web.client.RestTemplate              : Response 200 OK
2025-05-31T17:45:07.045-05:00 DEBUG 14620 --- [microservice-oauth] [DiscoveryClient-CacheRefreshExecutor-%d] o.s.web.client.RestTemplate              : Response 200 OK
2025-05-31T17:45:07.045-05:00 DEBUG 14620 --- [microservice-oauth] [DiscoveryClient-CacheRefreshExecutor-%d] o.s.web.client.RestTemplate              : Reading to [org.springframework.cloud.netflix.eureka.http.EurekaApplications]
2025-05-31T17:45:14.395-05:00  INFO 14620 --- [microservice-oauth] [SpringApplicationShutdownHook] o.s.c.n.e.s.EurekaServiceRegistry        : Unregistering application MICROSERVICE-OAUTH with eureka with status DOWN
2025-05-31T17:45:14.395-05:00  INFO 14620 --- [microservice-oauth] [SpringApplicationShutdownHook] com.netflix.discovery.DiscoveryClient    : Saw local status change event StatusChangeEvent [timestamp=1748731514395, current=DOWN, previous=UP]
2025-05-31T17:45:14.395-05:00  INFO 14620 --- [microservice-oauth] [DiscoveryClient-InstanceInfoReplicator-%d] com.netflix.discovery.DiscoveryClient    : DiscoveryClient_MICROSERVICE-OAUTH/host.docker.internal:microservice-oauth:9100: registering service...
2025-05-31T17:45:14.396-05:00 DEBUG 14620 --- [microservice-oauth] [DiscoveryClient-InstanceInfoReplicator-%d] o.s.web.client.RestTemplate              : HTTP POST http://localhost:8761/eureka/apps/MICROSERVICE-OAUTH
2025-05-31T17:45:14.396-05:00 DEBUG 14620 --- [microservice-oauth] [DiscoveryClient-InstanceInfoReplicator-%d] o.s.web.client.RestTemplate              : Accept=[application/json, application/*+json]
2025-05-31T17:45:14.397-05:00 DEBUG 14620 --- [microservice-oauth] [DiscoveryClient-InstanceInfoReplicator-%d] o.s.web.client.RestTemplate              : Writing [InstanceInfo [instanceId = host.docker.internal:microservice-oauth:9100, appName = MICROSERVICE-OAUTH, hostName = host.docker.internal, status = DOWN, ipAddr = 192.168.18.28, port = 9100, securePort = 443, dataCenterInfo = com.netflix.appinfo.MyDataCenterInfo@735c553e] as "application/json"
2025-05-31T17:45:14.397-05:00  INFO 14620 --- [microservice-oauth] [SpringApplicationShutdownHook] o.s.b.w.e.tomcat.GracefulShutdown        : Commencing graceful shutdown. Waiting for active requests to complete
2025-05-31T17:45:14.401-05:00  INFO 14620 --- [microservice-oauth] [tomcat-shutdown] o.s.b.w.e.tomcat.GracefulShutdown        : Graceful shutdown complete
2025-05-31T17:45:14.405-05:00 DEBUG 14620 --- [microservice-oauth] [DiscoveryClient-InstanceInfoReplicator-%d] o.s.web.client.RestTemplate              : Response 204 NO_CONTENT
2025-05-31T17:45:14.406-05:00  INFO 14620 --- [microservice-oauth] [DiscoveryClient-InstanceInfoReplicator-%d] com.netflix.discovery.DiscoveryClient    : DiscoveryClient_MICROSERVICE-OAUTH/host.docker.internal:microservice-oauth:9100 - registration status: 204
2025-05-31T17:45:14.421-05:00  INFO 14620 --- [microservice-oauth] [SpringApplicationShutdownHook] com.netflix.discovery.DiscoveryClient    : Shutting down DiscoveryClient ...
2025-05-31T17:45:17.423-05:00  INFO 14620 --- [microservice-oauth] [SpringApplicationShutdownHook] com.netflix.discovery.DiscoveryClient    : Unregistering ...
2025-05-31T17:45:17.423-05:00 DEBUG 14620 --- [microservice-oauth] [SpringApplicationShutdownHook] o.s.web.client.RestTemplate              : HTTP DELETE http://localhost:8761/eureka/apps/MICROSERVICE-OAUTH/host.docker.internal:microservice-oauth:9100
2025-05-31T17:45:17.424-05:00 DEBUG 14620 --- [microservice-oauth] [SpringApplicationShutdownHook] o.s.web.client.RestTemplate              : Accept=[application/json, application/*+json]
2025-05-31T17:45:17.442-05:00 DEBUG 14620 --- [microservice-oauth] [SpringApplicationShutdownHook] o.s.web.client.RestTemplate              : Response 200 OK
2025-05-31T17:45:17.442-05:00  INFO 14620 --- [microservice-oauth] [SpringApplicationShutdownHook] com.netflix.discovery.DiscoveryClient    : DiscoveryClient_MICROSERVICE-OAUTH/host.docker.internal:microservice-oauth:9100 - deregister  status: 200
2025-05-31T17:45:17.443-05:00  INFO 14620 --- [microservice-oauth] [SpringApplicationShutdownHook] com.netflix.discovery.DiscoveryClient    : Completed shut down of DiscoveryClient
